<?xml version="1.0" encoding="UTF-8" ?>
<testsuite errors="0" failures="0" hostname="MK04" name="at.erceg_kritzl.pi_calculator.tests.TestCalculatorAlgorithm" tests="2" time="0.075" timestamp="2015-01-14T20:05:15">
  <properties>
    <property name="java.vendor" value="Oracle Corporation" />
    <property name="lib.dir" value="./lib/" />
    <property name="sun.java.launcher" value="SUN_STANDARD" />
    <property name="sun.management.compiler" value="HotSpot 64-Bit Tiered Compilers" />
    <property name="os.name" value="Windows 8.1" />
    <property name="sun.boot.class.path" value="C:\Program Files\Java\jdk1.8.0_20\jre\lib\resources.jar;C:\Program Files\Java\jdk1.8.0_20\jre\lib\rt.jar;C:\Program Files\Java\jdk1.8.0_20\jre\lib\sunrsasign.jar;C:\Program Files\Java\jdk1.8.0_20\jre\lib\jsse.jar;C:\Program Files\Java\jdk1.8.0_20\jre\lib\jce.jar;C:\Program Files\Java\jdk1.8.0_20\jre\lib\charsets.jar;C:\Program Files\Java\jdk1.8.0_20\jre\lib\jfr.jar;C:\Program Files\Java\jdk1.8.0_20\jre\classes" />
    <property name="ant.file.type.Erceg_Kritzl_DezSys07" value="file" />
    <property name="sun.desktop" value="windows" />
    <property name="java.vm.specification.vendor" value="Oracle Corporation" />
    <property name="ant.home" value="C:\Program Files\JetBrains\IntelliJ IDEA 14.0.2\lib\ant" />
    <property name="jar.dir" value="./build4/" />
    <property name="java.runtime.version" value="1.8.0_20-b26" />
    <property name="user.name" value="Martin Kritzl" />
    <property name="build.dir" value="./build4" />
    <property name="user.language" value="de" />
    <property name="sun.boot.library.path" value="C:\Program Files\Java\jdk1.8.0_20\jre\bin" />
    <property name="reports.dir" value="./build4/testreports/" />
    <property name="ant.project.default-target" value="main" />
    <property name="doc.dir" value="./build4/javadoc/" />
    <property name="ant.project.name" value="Erceg_Kritzl_DezSys07" />
    <property name="scp.dir" value="/var/www/" />
    <property name="java.version" value="1.8.0_20" />
    <property name="user.timezone" value="Europe/Berlin" />
    <property name="sun.arch.data.model" value="64" />
    <property name="java.endorsed.dirs" value="C:\Program Files\Java\jdk1.8.0_20\jre\lib\endorsed" />
    <property name="sun.cpu.isalist" value="amd64" />
    <property name="sun.jnu.encoding" value="Cp1252" />
    <property name="file.encoding.pkg" value="sun.io" />
    <property name="file.separator" value="\" />
    <property name="java.specification.name" value="Java Platform API Specification" />
    <property name="classes.dir" value="./build4" />
    <property name="java.class.version" value="52.0" />
    <property name="user.country" value="AT" />
    <property name="java.home" value="C:\Program Files\Java\jdk1.8.0_20\jre" />
    <property name="java.vm.info" value="mixed mode" />
    <property name="scp.username" value="mkritzl" />
    <property name="ant.file" value="C:\Users\Martin Kritzl\Schule\4AHITT\SYT\Dezentrale Systeme\Progamme\DezSys07-PI_Calculator\build.xml" />
    <property name="os.version" value="6.3" />
    <property name="path.separator" value=";" />
    <property name="java.vm.version" value="25.20-b23" />
    <property name="user.variant" value="" />
    <property name="ant.library.dir" value="C:\Program Files\JetBrains\IntelliJ IDEA 14.0.2\lib\ant\lib" />
    <property name="java.awt.printerjob" value="sun.awt.windows.WPrinterJob" />
    <property name="sun.io.unicode.encoding" value="UnicodeLittle" />
    <property name="awt.toolkit" value="sun.awt.windows.WToolkit" />
    <property name="user.script" value="" />
    <property name="main.class" value="at.erceg_kritzl.pi_calculator.control.Main" />
    <property name="user.home" value="C:\Users\Martin Kritzl" />
    <property name="java.specification.vendor" value="Oracle Corporation" />
    <property name="jar.file" value="Erceg_Kritzl_DezSys07.jar" />
    <property name="java.library.path" value="C:\Program Files\Java\jdk1.8.0_20\jre\bin;C:\WINDOWS\Sun\Java\bin;C:\WINDOWS\system32;C:\WINDOWS;C:\Program Files (x86)\PC Connectivity Solution\;C:\Program Files (x86)\PHP\;C:\ProgramData\Oracle\Java\javapath;C:\Program Files (x86)\Intel\iCLS Client\;C:\Program Files\Intel\iCLS Client\;C:\WINDOWS\system32;C:\WINDOWS;C:\WINDOWS\System32\Wbem;C:\WINDOWS\System32\WindowsPowerShell\v1.0\;C:\Program Files (x86)\Intel\OpenCL SDK\3.0\bin\x86;C:\Program Files (x86)\Intel\OpenCL SDK\3.0\bin\x64;C:\Program Files\Intel\Intel(R) Management Engine Components\DAL;C:\Program Files\Intel\Intel(R) Management Engine Components\IPT;C:\Program Files (x86)\Intel\Intel(R) Management Engine Components\DAL;C:\Program Files (x86)\Intel\Intel(R) Management Engine Components\IPT;C:\ProgramData\Lenovo\ReadyApps;C:\Program Files (x86)\Java\jdk1.8.0_20\jre\bin\;C:\Program Files (x86)\Windows Kits\8.1\Windows Performance Toolkit\;C:\Program Files\Microsoft SQL Server\110\Tools\Binn\;C:\MinGW\bin;C:\MinGW\msys\1.0\bin;C:\Program Files\BuildTools\apache-ant-1.9.4\bin;C:\Program Files\BuildTools\gradle-2.2.1\bin;;." />
    <property name="java.vendor.url" value="http://java.oracle.com/" />
    <property name="java.vm.vendor" value="Oracle Corporation" />
    <property name="java.runtime.name" value="Java(TM) SE Runtime Environment" />
    <property name="sun.java.command" value="org.apache.tools.ant.taskdefs.optional.junit.JUnitTestRunner at.erceg_kritzl.pi_calculator.tests.TestCalculatorAlgorithm filtertrace=true haltOnError=false haltOnFailure=false showoutput=false outputtoformatters=true logfailedtests=true logtestlistenerevents=false formatter=org.apache.tools.ant.taskdefs.optional.junit.XMLJUnitResultFormatter,C:\Users\Martin Kritzl\Schule\4AHITT\SYT\Dezentrale Systeme\Progamme\DezSys07-PI_Calculator\build4\testreports\TEST-at.erceg_kritzl.pi_calculator.tests.TestCalculatorAlgorithm.xml crashfile=C:\Users\Martin Kritzl\Schule\4AHITT\SYT\Dezentrale Systeme\Progamme\DezSys07-PI_Calculator\junitvmwatcher7308697712405495338.properties propsfile=C:\Users\Martin Kritzl\Schule\4AHITT\SYT\Dezentrale Systeme\Progamme\DezSys07-PI_Calculator\junit6812582028104521100.properties" />
    <property name="java.class.path" value="C:\Users\Martin Kritzl\Schule\4AHITT\SYT\Dezentrale Systeme\Progamme\DezSys07-PI_Calculator\build4;C:\Users\Martin Kritzl\Schule\4AHITT\SYT\Dezentrale Systeme\Progamme\DezSys07-PI_Calculator\lib\junit-4.11.jar;C:\Users\Martin Kritzl\Schule\4AHITT\SYT\Dezentrale Systeme\Progamme\DezSys07-PI_Calculator\lib\hamcrest-core-1.3.jar;C:\Users\Martin Kritzl\Schule\4AHITT\SYT\Dezentrale Systeme\Progamme\DezSys07-PI_Calculator\lib\log4j-1.2.17.jar;C:\Users\Martin Kritzl\Schule\4AHITT\SYT\Dezentrale Systeme\Progamme\DezSys07-PI_Calculator\lib\args4j-2.0.29.jar;C:\Program Files\JetBrains\IntelliJ IDEA 14.0.2\lib\ant\lib\ant-launcher.jar;C:\Program Files\JetBrains\IntelliJ IDEA 14.0.2\lib\ant\lib\ant.jar;C:\Program Files\JetBrains\IntelliJ IDEA 14.0.2\lib\ant\lib\ant-junit.jar" />
    <property name="ant.version" value="Apache Ant(TM) version 1.8.2 compiled on December 20 2010" />
    <property name="ressource.dir" value="./resources" />
    <property name="java.vm.specification.name" value="Java Virtual Machine Specification" />
    <property name="ant.file.type" value="file" />
    <property name="java.vm.specification.version" value="1.8" />
    <property name="sun.cpu.endian" value="little" />
    <property name="sun.os.patch.level" value="" />
    <property name="java.io.tmpdir" value="C:\Users\MARTIN~1\AppData\Local\Temp\" />
    <property name="java.vendor.url.bug" value="http://bugreport.sun.com/bugreport/" />
    <property name="ant.file.Erceg_Kritzl_DezSys07" value="C:\Users\Martin Kritzl\Schule\4AHITT\SYT\Dezentrale Systeme\Progamme\DezSys07-PI_Calculator\build.xml" />
    <property name="os.arch" value="amd64" />
    <property name="java.awt.graphicsenv" value="sun.awt.Win32GraphicsEnvironment" />
    <property name="java.ext.dirs" value="C:\Program Files\Java\jdk1.8.0_20\jre\lib\ext;C:\WINDOWS\Sun\Java\lib\ext" />
    <property name="tests.dir" value="./build4/test" />
    <property name="user.dir" value="C:\Users\Martin Kritzl\Schule\4AHITT\SYT\Dezentrale Systeme\Progamme\DezSys07-PI_Calculator" />
    <property name="includes.dir" value="" />
    <property name="scp.hostname" value="10.0.0.25" />
    <property name="line.separator" value="&#xd;&#xa;" />
    <property name="java.vm.name" value="Java HotSpot(TM) 64-Bit Server VM" />
    <property name="basedir" value="C:\Users\Martin Kritzl\Schule\4AHITT\SYT\Dezentrale Systeme\Progamme\DezSys07-PI_Calculator" />
    <property name="ant.java.version" value="1.7" />
    <property name="ant.core.lib" value="C:\Program Files\JetBrains\IntelliJ IDEA 14.0.2\lib\ant\lib\ant.jar" />
    <property name="file.encoding" value="Cp1252" />
    <property name="source.dir" value="./src/" />
    <property name="java.specification.version" value="1.8" />
    <property name="ant.project.invoked-targets" value="main" />
  </properties>
  <testcase classname="at.erceg_kritzl.pi_calculator.tests.TestCalculatorAlgorithm" name="testGetShortPi" time="0.005" />
  <testcase classname="at.erceg_kritzl.pi_calculator.tests.TestCalculatorAlgorithm" name="testGetLongPi" time="0.001" />
  <system-out><![CDATA[]]></system-out>
  <system-err><![CDATA[]]></system-err>
</testsuite>
